2021-09-24 19:43:20,368 [INFO]  CategoricalEncoder for column occupation                                found only 9 occurrences of value Armed-Forces
2021-09-24 19:43:36,041 [WARNING]  Test set does not contain any ocurrences of values [Armed-Forces] in column [occupation], consider using a more representative test set.
2021-09-24 19:43:36,047 [INFO]  
========== start: fit model
2021-09-24 19:43:36,047 [WARNING]  Already bound, ignoring bind()
2021-09-24 19:43:48,924 [INFO]  Epoch[0] Batch [0-865]	Speed: 1076.99 samples/sec	cross-entropy=0.744981	occupation-accuracy=0.870092
2021-09-24 19:44:03,631 [INFO]  Epoch[0] Train-cross-entropy=0.426861
2021-09-24 19:44:03,631 [INFO]  Epoch[0] Train-occupation-accuracy=0.933813
2021-09-24 19:44:03,632 [INFO]  Epoch[0] Time cost=27.583
2021-09-24 19:44:03,637 [INFO]  Saved checkpoint to "occupation\model-0000.params"
2021-09-24 19:44:05,195 [INFO]  Epoch[0] Validation-cross-entropy=0.053712
2021-09-24 19:44:05,195 [INFO]  Epoch[0] Validation-occupation-accuracy=1.000000
2021-09-24 19:44:20,663 [INFO]  Epoch[1] Batch [0-865]	Speed: 896.04 samples/sec	cross-entropy=0.036786	occupation-accuracy=0.999711
2021-09-24 19:44:36,277 [INFO]  Epoch[1] Train-cross-entropy=0.027745
2021-09-24 19:44:36,278 [INFO]  Epoch[1] Train-occupation-accuracy=0.999639
2021-09-24 19:44:36,278 [INFO]  Epoch[1] Time cost=31.082
2021-09-24 19:44:36,283 [INFO]  Saved checkpoint to "occupation\model-0001.params"
2021-09-24 19:44:37,444 [INFO]  Epoch[1] Validation-cross-entropy=0.012640
2021-09-24 19:44:37,444 [INFO]  Epoch[1] Validation-occupation-accuracy=1.000000
2021-09-24 19:44:51,464 [INFO]  Epoch[2] Batch [0-865]	Speed: 988.04 samples/sec	cross-entropy=0.009759	occupation-accuracy=1.000000
2021-09-24 19:45:04,880 [INFO]  Epoch[2] Train-cross-entropy=0.007838
2021-09-24 19:45:04,880 [INFO]  Epoch[2] Train-occupation-accuracy=1.000000
2021-09-24 19:45:04,880 [INFO]  Epoch[2] Time cost=27.437
2021-09-24 19:45:04,886 [INFO]  Saved checkpoint to "occupation\model-0002.params"
2021-09-24 19:45:06,642 [INFO]  Epoch[2] Validation-cross-entropy=0.004429
2021-09-24 19:45:06,642 [INFO]  Epoch[2] Validation-occupation-accuracy=1.000000
2021-09-24 19:45:20,087 [INFO]  Epoch[3] Batch [0-865]	Speed: 1030.93 samples/sec	cross-entropy=0.003498	occupation-accuracy=1.000000
2021-09-24 19:45:33,936 [INFO]  Epoch[3] Train-cross-entropy=0.002872
2021-09-24 19:45:33,936 [INFO]  Epoch[3] Train-occupation-accuracy=1.000000
2021-09-24 19:45:33,936 [INFO]  Epoch[3] Time cost=27.294
2021-09-24 19:45:33,936 [INFO]  Saved checkpoint to "occupation\model-0003.params"
2021-09-24 19:45:35,152 [INFO]  Epoch[3] Validation-cross-entropy=0.001764
2021-09-24 19:45:35,152 [INFO]  Epoch[3] Validation-occupation-accuracy=1.000000
2021-09-24 19:45:47,896 [INFO]  Epoch[4] Batch [0-865]	Speed: 1087.31 samples/sec	cross-entropy=0.001412	occupation-accuracy=1.000000
2021-09-24 19:46:00,887 [INFO]  Epoch[4] Train-cross-entropy=0.001174
2021-09-24 19:46:00,887 [INFO]  Epoch[4] Train-occupation-accuracy=1.000000
2021-09-24 19:46:00,887 [INFO]  Epoch[4] Time cost=25.735
2021-09-24 19:46:00,902 [INFO]  Saved checkpoint to "occupation\model-0004.params"
2021-09-24 19:46:02,215 [INFO]  Epoch[4] Validation-cross-entropy=0.000745
2021-09-24 19:46:02,215 [INFO]  Epoch[4] Validation-occupation-accuracy=1.000000
2021-09-24 19:46:15,026 [INFO]  Epoch[5] Batch [0-865]	Speed: 1081.58 samples/sec	cross-entropy=0.000601	occupation-accuracy=1.000000
2021-09-24 19:46:27,668 [INFO]  Epoch[5] Train-cross-entropy=0.000503
2021-09-24 19:46:27,668 [INFO]  Epoch[5] Train-occupation-accuracy=1.000000
2021-09-24 19:46:27,668 [INFO]  Epoch[5] Time cost=25.453
2021-09-24 19:46:27,699 [INFO]  Saved checkpoint to "occupation\model-0005.params"
2021-09-24 19:46:29,371 [INFO]  Epoch[5] Validation-cross-entropy=0.000328
2021-09-24 19:46:29,371 [INFO]  Epoch[5] Validation-occupation-accuracy=1.000000
2021-09-24 19:46:42,051 [INFO]  Epoch[6] Batch [0-865]	Speed: 1092.79 samples/sec	cross-entropy=0.000266	occupation-accuracy=1.000000
2021-09-24 19:46:54,541 [INFO]  Epoch[6] Train-cross-entropy=0.000224
2021-09-24 19:46:54,541 [INFO]  Epoch[6] Train-occupation-accuracy=1.000000
2021-09-24 19:46:54,541 [INFO]  Epoch[6] Time cost=25.170
2021-09-24 19:46:54,557 [INFO]  Saved checkpoint to "occupation\model-0006.params"
2021-09-24 19:46:55,884 [INFO]  Epoch[6] Validation-cross-entropy=0.000149
2021-09-24 19:46:55,884 [INFO]  Epoch[6] Validation-occupation-accuracy=1.000000
2021-09-24 19:47:08,736 [INFO]  Epoch[7] Batch [0-865]	Speed: 1078.62 samples/sec	cross-entropy=0.000122	occupation-accuracy=1.000000
2021-09-24 19:47:21,528 [INFO]  Epoch[7] Train-cross-entropy=0.000104
2021-09-24 19:47:21,528 [INFO]  Epoch[7] Train-occupation-accuracy=1.000000
2021-09-24 19:47:21,528 [INFO]  Epoch[7] Time cost=25.644
2021-09-24 19:47:21,528 [INFO]  Saved checkpoint to "occupation\model-0007.params"
2021-09-24 19:47:22,559 [INFO]  Epoch[7] Validation-cross-entropy=0.000071
2021-09-24 19:47:22,559 [INFO]  Epoch[7] Validation-occupation-accuracy=1.000000
2021-09-24 19:47:35,745 [INFO]  Epoch[8] Batch [0-865]	Speed: 1052.11 samples/sec	cross-entropy=0.000059	occupation-accuracy=1.000000
2021-09-24 19:47:48,920 [INFO]  Epoch[8] Train-cross-entropy=0.000051
2021-09-24 19:47:48,920 [INFO]  Epoch[8] Train-occupation-accuracy=1.000000
2021-09-24 19:47:48,920 [INFO]  Epoch[8] Time cost=26.361
2021-09-24 19:47:48,925 [INFO]  Saved checkpoint to "occupation\model-0008.params"
2021-09-24 19:47:49,834 [INFO]  Epoch[8] Validation-cross-entropy=0.000036
2021-09-24 19:47:49,834 [INFO]  Epoch[8] Validation-occupation-accuracy=1.000000
2021-09-24 19:48:02,589 [INFO]  Epoch[9] Batch [0-865]	Speed: 1085.99 samples/sec	cross-entropy=0.000030	occupation-accuracy=1.000000
2021-09-24 19:48:15,824 [INFO]  Epoch[9] Train-cross-entropy=0.000026
2021-09-24 19:48:15,824 [INFO]  Epoch[9] Train-occupation-accuracy=1.000000
2021-09-24 19:48:15,824 [INFO]  Epoch[9] Time cost=25.990
2021-09-24 19:48:15,840 [INFO]  Saved checkpoint to "occupation\model-0009.params"
2021-09-24 19:48:16,871 [INFO]  Epoch[9] Validation-cross-entropy=0.000019
2021-09-24 19:48:16,871 [INFO]  Epoch[9] Validation-occupation-accuracy=1.000000
2021-09-24 19:48:29,573 [INFO]  Epoch[10] Batch [0-865]	Speed: 1090.89 samples/sec	cross-entropy=0.000017	occupation-accuracy=1.000000
2021-09-24 19:48:42,087 [INFO]  Epoch[10] Train-cross-entropy=0.000015
2021-09-24 19:48:42,087 [INFO]  Epoch[10] Train-occupation-accuracy=1.000000
2021-09-24 19:48:42,087 [INFO]  Epoch[10] Time cost=25.217
2021-09-24 19:48:42,093 [INFO]  Saved checkpoint to "occupation\model-0010.params"
2021-09-24 19:48:43,788 [INFO]  Epoch[10] Validation-cross-entropy=0.000011
2021-09-24 19:48:43,789 [INFO]  Epoch[10] Validation-occupation-accuracy=1.000000
2021-09-24 19:48:56,336 [INFO]  Epoch[11] Batch [0-865]	Speed: 1103.80 samples/sec	cross-entropy=0.000010	occupation-accuracy=1.000000
2021-09-24 19:49:09,011 [INFO]  Epoch[11] Train-cross-entropy=0.000009
2021-09-24 19:49:09,011 [INFO]  Epoch[11] Train-occupation-accuracy=1.000000
2021-09-24 19:49:09,011 [INFO]  Epoch[11] Time cost=25.222
2021-09-24 19:49:09,011 [INFO]  Saved checkpoint to "occupation\model-0011.params"
2021-09-24 19:49:10,292 [INFO]  Epoch[11] Validation-cross-entropy=0.000007
2021-09-24 19:49:10,292 [INFO]  Epoch[11] Validation-occupation-accuracy=1.000000
2021-09-24 19:49:23,449 [INFO]  Epoch[12] Batch [0-865]	Speed: 1054.43 samples/sec	cross-entropy=0.000007	occupation-accuracy=1.000000
2021-09-24 19:49:37,018 [INFO]  Epoch[12] Train-cross-entropy=0.000006
2021-09-24 19:49:37,018 [INFO]  Epoch[12] Train-occupation-accuracy=1.000000
2021-09-24 19:49:37,018 [INFO]  Epoch[12] Time cost=26.726
2021-09-24 19:49:37,034 [INFO]  Saved checkpoint to "occupation\model-0012.params"
2021-09-24 19:49:38,862 [INFO]  Epoch[12] Validation-cross-entropy=0.000005
2021-09-24 19:49:38,862 [INFO]  Epoch[12] Validation-occupation-accuracy=1.000000
2021-09-24 19:49:51,842 [INFO]  Epoch[13] Batch [0-865]	Speed: 1067.54 samples/sec	cross-entropy=0.000005	occupation-accuracy=1.000000
2021-09-24 19:50:04,558 [INFO]  Epoch[13] Train-cross-entropy=0.000004
2021-09-24 19:50:04,558 [INFO]  Epoch[13] Train-occupation-accuracy=1.000000
2021-09-24 19:50:04,558 [INFO]  Epoch[13] Time cost=25.696
2021-09-24 19:50:04,604 [INFO]  Saved checkpoint to "occupation\model-0013.params"
2021-09-24 19:50:06,309 [INFO]  Epoch[13] Validation-cross-entropy=0.000004
2021-09-24 19:50:06,309 [INFO]  Epoch[13] Validation-occupation-accuracy=1.000000
2021-09-24 19:50:19,231 [INFO]  Epoch[14] Batch [0-865]	Speed: 1071.10 samples/sec	cross-entropy=0.000003	occupation-accuracy=1.000000
2021-09-24 19:50:31,996 [INFO]  Epoch[14] Train-cross-entropy=0.000003
2021-09-24 19:50:31,996 [INFO]  Epoch[14] Train-occupation-accuracy=1.000000
2021-09-24 19:50:31,996 [INFO]  Epoch[14] Time cost=25.686
2021-09-24 19:50:31,996 [INFO]  Saved checkpoint to "occupation\model-0014.params"
2021-09-24 19:50:33,947 [INFO]  Epoch[14] Validation-cross-entropy=0.000003
2021-09-24 19:50:33,947 [INFO]  Epoch[14] Validation-occupation-accuracy=1.000000
2021-09-24 19:50:33,947 [INFO]  
========== done (417.900936126709 s) fit model
2021-09-25 10:11:21,988 [INFO]  CategoricalEncoder for column occupation                                found only 9 occurrences of value Armed-Forces
2021-09-25 10:11:37,907 [WARNING]  Test set does not contain any ocurrences of values [Armed-Forces] in column [occupation], consider using a more representative test set.
2021-09-25 10:11:37,913 [INFO]  
========== start: fit model
2021-09-25 10:11:37,913 [WARNING]  Already bound, ignoring bind()
2021-09-25 10:11:57,970 [INFO]  Epoch[0] Batch [0-865]	Speed: 691.02 samples/sec	cross-entropy=0.745123	occupation-accuracy=0.869515
2021-09-25 10:12:14,678 [INFO]  Epoch[0] Train-cross-entropy=0.426964
2021-09-25 10:12:14,679 [INFO]  Epoch[0] Train-occupation-accuracy=0.933488
2021-09-25 10:12:14,679 [INFO]  Epoch[0] Time cost=36.765
2021-09-25 10:12:14,686 [INFO]  Saved checkpoint to "occupation\model-0000.params"
2021-09-25 10:12:16,593 [INFO]  Epoch[0] Validation-cross-entropy=0.053722
2021-09-25 10:12:16,593 [INFO]  Epoch[0] Validation-occupation-accuracy=1.000000
2021-09-25 10:12:31,492 [INFO]  Epoch[1] Batch [0-865]	Speed: 929.66 samples/sec	cross-entropy=0.036803	occupation-accuracy=0.999711
2021-09-25 10:12:46,873 [INFO]  Epoch[1] Train-cross-entropy=0.027758
2021-09-25 10:12:46,874 [INFO]  Epoch[1] Train-occupation-accuracy=0.999639
2021-09-25 10:12:46,874 [INFO]  Epoch[1] Time cost=30.281
2021-09-25 10:12:46,882 [INFO]  Saved checkpoint to "occupation\model-0001.params"
2021-09-25 10:12:48,730 [INFO]  Epoch[1] Validation-cross-entropy=0.012650
2021-09-25 10:12:48,730 [INFO]  Epoch[1] Validation-occupation-accuracy=1.000000
2021-09-25 10:13:03,630 [INFO]  Epoch[2] Batch [0-865]	Speed: 929.79 samples/sec	cross-entropy=0.009766	occupation-accuracy=1.000000
2021-09-25 10:13:17,011 [INFO]  Epoch[2] Train-cross-entropy=0.007845
2021-09-25 10:13:17,012 [INFO]  Epoch[2] Train-occupation-accuracy=1.000000
2021-09-25 10:13:17,012 [INFO]  Epoch[2] Time cost=28.282
2021-09-25 10:13:17,020 [INFO]  Saved checkpoint to "occupation\model-0002.params"
2021-09-25 10:13:18,026 [INFO]  Epoch[2] Validation-cross-entropy=0.004433
2021-09-25 10:13:18,026 [INFO]  Epoch[2] Validation-occupation-accuracy=1.000000
2021-09-25 10:13:30,742 [INFO]  Epoch[3] Batch [0-865]	Speed: 1089.59 samples/sec	cross-entropy=0.003501	occupation-accuracy=1.000000
2021-09-25 10:13:43,173 [INFO]  Epoch[3] Train-cross-entropy=0.002872
2021-09-25 10:13:43,173 [INFO]  Epoch[3] Train-occupation-accuracy=1.000000
2021-09-25 10:13:43,174 [INFO]  Epoch[3] Time cost=25.148
2021-09-25 10:13:43,179 [INFO]  Saved checkpoint to "occupation\model-0003.params"
2021-09-25 10:13:44,848 [INFO]  Epoch[3] Validation-cross-entropy=0.001767
2021-09-25 10:13:44,848 [INFO]  Epoch[3] Validation-occupation-accuracy=1.000000
2021-09-25 10:14:00,343 [INFO]  Epoch[4] Batch [0-865]	Speed: 893.77 samples/sec	cross-entropy=0.001414	occupation-accuracy=1.000000
2021-09-25 10:14:16,111 [INFO]  Epoch[4] Train-cross-entropy=0.001173
2021-09-25 10:14:16,112 [INFO]  Epoch[4] Train-occupation-accuracy=1.000000
2021-09-25 10:14:16,112 [INFO]  Epoch[4] Time cost=31.264
2021-09-25 10:14:16,118 [INFO]  Saved checkpoint to "occupation\model-0004.params"
2021-09-25 10:14:17,895 [INFO]  Epoch[4] Validation-cross-entropy=0.000748
2021-09-25 10:14:17,895 [INFO]  Epoch[4] Validation-occupation-accuracy=1.000000
2021-09-25 10:14:32,488 [INFO]  Epoch[5] Batch [0-865]	Speed: 950.02 samples/sec	cross-entropy=0.000602	occupation-accuracy=1.000000
2021-09-25 10:14:46,959 [INFO]  Epoch[5] Train-cross-entropy=0.000503
2021-09-25 10:14:46,959 [INFO]  Epoch[5] Train-occupation-accuracy=1.000000
2021-09-25 10:14:46,959 [INFO]  Epoch[5] Time cost=29.064
2021-09-25 10:14:46,964 [INFO]  Saved checkpoint to "occupation\model-0005.params"
2021-09-25 10:14:48,944 [INFO]  Epoch[5] Validation-cross-entropy=0.000328
2021-09-25 10:14:48,944 [INFO]  Epoch[5] Validation-occupation-accuracy=1.000000
2021-09-25 10:15:03,462 [INFO]  Epoch[6] Batch [0-865]	Speed: 954.06 samples/sec	cross-entropy=0.000266	occupation-accuracy=1.000000
2021-09-25 10:15:17,548 [INFO]  Epoch[6] Train-cross-entropy=0.000227
2021-09-25 10:15:17,548 [INFO]  Epoch[6] Train-occupation-accuracy=1.000000
2021-09-25 10:15:17,548 [INFO]  Epoch[6] Time cost=28.604
2021-09-25 10:15:17,553 [INFO]  Saved checkpoint to "occupation\model-0006.params"
2021-09-25 10:15:19,356 [INFO]  Epoch[6] Validation-cross-entropy=0.000148
2021-09-25 10:15:19,356 [INFO]  Epoch[6] Validation-occupation-accuracy=1.000000
2021-09-25 10:15:32,085 [INFO]  Epoch[7] Batch [0-865]	Speed: 1089.42 samples/sec	cross-entropy=0.000122	occupation-accuracy=1.000000
2021-09-25 10:15:44,517 [INFO]  Epoch[7] Train-cross-entropy=0.000105
2021-09-25 10:15:44,517 [INFO]  Epoch[7] Train-occupation-accuracy=1.000000
2021-09-25 10:15:44,518 [INFO]  Epoch[7] Time cost=25.162
2021-09-25 10:15:44,523 [INFO]  Saved checkpoint to "occupation\model-0007.params"
2021-09-25 10:15:45,617 [INFO]  Epoch[7] Validation-cross-entropy=0.000071
2021-09-25 10:15:45,617 [INFO]  Epoch[7] Validation-occupation-accuracy=1.000000
2021-09-25 10:15:58,274 [INFO]  Epoch[8] Batch [0-865]	Speed: 1095.44 samples/sec	cross-entropy=0.000059	occupation-accuracy=1.000000
2021-09-25 10:16:10,495 [INFO]  Epoch[8] Train-cross-entropy=0.000051
2021-09-25 10:16:10,495 [INFO]  Epoch[8] Train-occupation-accuracy=1.000000
2021-09-25 10:16:10,495 [INFO]  Epoch[8] Time cost=24.877
2021-09-25 10:16:10,503 [INFO]  Saved checkpoint to "occupation\model-0008.params"
2021-09-25 10:16:11,753 [INFO]  Epoch[8] Validation-cross-entropy=0.000036
2021-09-25 10:16:11,753 [INFO]  Epoch[8] Validation-occupation-accuracy=1.000000
2021-09-25 10:16:24,319 [INFO]  Epoch[9] Batch [0-865]	Speed: 1102.40 samples/sec	cross-entropy=0.000030	occupation-accuracy=1.000000
2021-09-25 10:16:36,977 [INFO]  Epoch[9] Train-cross-entropy=0.000027
2021-09-25 10:16:36,978 [INFO]  Epoch[9] Train-occupation-accuracy=1.000000
2021-09-25 10:16:36,978 [INFO]  Epoch[9] Time cost=25.225
2021-09-25 10:16:36,983 [INFO]  Saved checkpoint to "occupation\model-0009.params"
2021-09-25 10:16:38,710 [INFO]  Epoch[9] Validation-cross-entropy=0.000019
2021-09-25 10:16:38,710 [INFO]  Epoch[9] Validation-occupation-accuracy=1.000000
2021-09-25 10:16:51,427 [INFO]  Epoch[10] Batch [0-865]	Speed: 1089.16 samples/sec	cross-entropy=0.000017	occupation-accuracy=1.000000
2021-09-25 10:17:03,978 [INFO]  Epoch[10] Train-cross-entropy=0.000016
2021-09-25 10:17:03,978 [INFO]  Epoch[10] Train-occupation-accuracy=1.000000
2021-09-25 10:17:03,978 [INFO]  Epoch[10] Time cost=25.267
2021-09-25 10:17:03,999 [INFO]  Saved checkpoint to "occupation\model-0010.params"
2021-09-25 10:17:05,202 [INFO]  Epoch[10] Validation-cross-entropy=0.000011
2021-09-25 10:17:05,202 [INFO]  Epoch[10] Validation-occupation-accuracy=1.000000
2021-09-25 10:17:17,865 [INFO]  Epoch[11] Batch [0-865]	Speed: 1094.75 samples/sec	cross-entropy=0.000010	occupation-accuracy=1.000000
2021-09-25 10:17:30,797 [INFO]  Epoch[11] Train-cross-entropy=0.000009
2021-09-25 10:17:30,797 [INFO]  Epoch[11] Train-occupation-accuracy=1.000000
2021-09-25 10:17:30,797 [INFO]  Epoch[11] Time cost=25.595
2021-09-25 10:17:30,802 [INFO]  Saved checkpoint to "occupation\model-0011.params"
2021-09-25 10:17:31,715 [INFO]  Epoch[11] Validation-cross-entropy=0.000008
2021-09-25 10:17:31,715 [INFO]  Epoch[11] Validation-occupation-accuracy=1.000000
2021-09-25 10:17:44,251 [INFO]  Epoch[12] Batch [0-865]	Speed: 1105.03 samples/sec	cross-entropy=0.000007	occupation-accuracy=1.000000
2021-09-25 10:17:56,724 [INFO]  Epoch[12] Train-cross-entropy=0.000006
2021-09-25 10:17:56,725 [INFO]  Epoch[12] Train-occupation-accuracy=1.000000
2021-09-25 10:17:56,725 [INFO]  Epoch[12] Time cost=25.009
2021-09-25 10:17:56,748 [INFO]  Saved checkpoint to "occupation\model-0012.params"
2021-09-25 10:17:58,480 [INFO]  Epoch[12] Validation-cross-entropy=0.000005
2021-09-25 10:17:58,480 [INFO]  Epoch[12] Validation-occupation-accuracy=1.000000
2021-09-25 10:18:11,739 [INFO]  Epoch[13] Batch [0-865]	Speed: 1044.56 samples/sec	cross-entropy=0.000005	occupation-accuracy=1.000000
2021-09-25 10:18:24,379 [INFO]  Epoch[13] Train-cross-entropy=0.000004
2021-09-25 10:18:24,379 [INFO]  Epoch[13] Train-occupation-accuracy=1.000000
2021-09-25 10:18:24,379 [INFO]  Epoch[13] Time cost=25.899
2021-09-25 10:18:24,387 [INFO]  Saved checkpoint to "occupation\model-0013.params"
2021-09-25 10:18:26,031 [INFO]  Epoch[13] Validation-cross-entropy=0.000004
2021-09-25 10:18:26,031 [INFO]  Epoch[13] Validation-occupation-accuracy=1.000000
2021-09-25 10:18:39,068 [INFO]  Epoch[14] Batch [0-865]	Speed: 1062.48 samples/sec	cross-entropy=0.000003	occupation-accuracy=1.000000
2021-09-25 10:18:51,524 [INFO]  Epoch[14] Train-cross-entropy=0.000003
2021-09-25 10:18:51,524 [INFO]  Epoch[14] Train-occupation-accuracy=1.000000
2021-09-25 10:18:51,524 [INFO]  Epoch[14] Time cost=25.492
2021-09-25 10:18:51,529 [INFO]  Saved checkpoint to "occupation\model-0014.params"
2021-09-25 10:18:53,262 [INFO]  Epoch[14] Validation-cross-entropy=0.000003
2021-09-25 10:18:53,263 [INFO]  Epoch[14] Validation-occupation-accuracy=1.000000
2021-09-25 10:18:53,263 [INFO]  
========== done (435.35063314437866 s) fit model
2021-09-26 01:00:16,400 [INFO]  CategoricalEncoder for column occupation                                found only 9 occurrences of value Armed-Forces
2021-09-26 01:00:31,380 [WARNING]  Test set does not contain any ocurrences of values [Armed-Forces] in column [occupation], consider using a more representative test set.
2021-09-26 01:00:31,395 [INFO]  
========== start: fit model
2021-09-26 01:00:31,395 [WARNING]  Already bound, ignoring bind()
2021-09-26 01:00:43,455 [INFO]  Epoch[0] Batch [0-865]	Speed: 1149.12 samples/sec	cross-entropy=0.744308	occupation-accuracy=0.869948
2021-09-26 01:00:55,218 [INFO]  Epoch[0] Train-cross-entropy=0.426412
2021-09-26 01:00:55,218 [INFO]  Epoch[0] Train-occupation-accuracy=0.933704
2021-09-26 01:00:55,218 [INFO]  Epoch[0] Time cost=23.822
2021-09-26 01:00:55,265 [INFO]  Saved checkpoint to "occupation\model-0000.params"
2021-09-26 01:00:56,186 [INFO]  Epoch[0] Validation-cross-entropy=0.053608
2021-09-26 01:00:56,186 [INFO]  Epoch[0] Validation-occupation-accuracy=1.000000
2021-09-26 01:01:08,230 [INFO]  Epoch[1] Batch [0-865]	Speed: 1150.61 samples/sec	cross-entropy=0.036715	occupation-accuracy=0.999711
2021-09-26 01:01:20,388 [INFO]  Epoch[1] Train-cross-entropy=0.027691
2021-09-26 01:01:20,388 [INFO]  Epoch[1] Train-occupation-accuracy=0.999639
2021-09-26 01:01:20,388 [INFO]  Epoch[1] Time cost=24.201
2021-09-26 01:01:20,403 [INFO]  Saved checkpoint to "occupation\model-0001.params"
2021-09-26 01:01:21,887 [INFO]  Epoch[1] Validation-cross-entropy=0.012623
2021-09-26 01:01:21,887 [INFO]  Epoch[1] Validation-occupation-accuracy=1.000000
2021-09-26 01:01:34,406 [INFO]  Epoch[2] Batch [0-865]	Speed: 1106.90 samples/sec	cross-entropy=0.009738	occupation-accuracy=1.000000
2021-09-26 01:01:46,138 [INFO]  Epoch[2] Train-cross-entropy=0.007822
2021-09-26 01:01:46,138 [INFO]  Epoch[2] Train-occupation-accuracy=1.000000
2021-09-26 01:01:46,138 [INFO]  Epoch[2] Time cost=24.251
2021-09-26 01:01:46,138 [INFO]  Saved checkpoint to "occupation\model-0002.params"
2021-09-26 01:01:47,419 [INFO]  Epoch[2] Validation-cross-entropy=0.004420
2021-09-26 01:01:47,419 [INFO]  Epoch[2] Validation-occupation-accuracy=1.000000
2021-09-26 01:01:59,525 [INFO]  Epoch[3] Batch [0-865]	Speed: 1144.66 samples/sec	cross-entropy=0.003491	occupation-accuracy=1.000000
2021-09-26 01:02:11,679 [INFO]  Epoch[3] Train-cross-entropy=0.002865
2021-09-26 01:02:11,680 [INFO]  Epoch[3] Train-occupation-accuracy=1.000000
2021-09-26 01:02:11,680 [INFO]  Epoch[3] Time cost=24.262
2021-09-26 01:02:11,688 [INFO]  Saved checkpoint to "occupation\model-0003.params"
2021-09-26 01:02:13,167 [INFO]  Epoch[3] Validation-cross-entropy=0.001764
2021-09-26 01:02:13,168 [INFO]  Epoch[3] Validation-occupation-accuracy=1.000000
2021-09-26 01:02:25,293 [INFO]  Epoch[4] Batch [0-865]	Speed: 1142.33 samples/sec	cross-entropy=0.001410	occupation-accuracy=1.000000
2021-09-26 01:02:37,448 [INFO]  Epoch[4] Train-cross-entropy=0.001172
2021-09-26 01:02:37,448 [INFO]  Epoch[4] Train-occupation-accuracy=1.000000
2021-09-26 01:02:37,448 [INFO]  Epoch[4] Time cost=24.279
2021-09-26 01:02:37,448 [INFO]  Saved checkpoint to "occupation\model-0004.params"
2021-09-26 01:02:38,307 [INFO]  Epoch[4] Validation-cross-entropy=0.000745
2021-09-26 01:02:38,307 [INFO]  Epoch[4] Validation-occupation-accuracy=1.000000
2021-09-26 01:02:50,445 [INFO]  Epoch[5] Batch [0-865]	Speed: 1140.24 samples/sec	cross-entropy=0.000601	occupation-accuracy=1.000000
2021-09-26 01:03:02,481 [INFO]  Epoch[5] Train-cross-entropy=0.000502
2021-09-26 01:03:02,481 [INFO]  Epoch[5] Train-occupation-accuracy=1.000000
2021-09-26 01:03:02,481 [INFO]  Epoch[5] Time cost=24.174
2021-09-26 01:03:02,496 [INFO]  Saved checkpoint to "occupation\model-0005.params"
2021-09-26 01:03:03,496 [INFO]  Epoch[5] Validation-cross-entropy=0.000327
2021-09-26 01:03:03,496 [INFO]  Epoch[5] Validation-occupation-accuracy=1.000000
2021-09-26 01:03:15,544 [INFO]  Epoch[6] Batch [0-865]	Speed: 1151.77 samples/sec	cross-entropy=0.000266	occupation-accuracy=1.000000
2021-09-26 01:03:27,873 [INFO]  Epoch[6] Train-cross-entropy=0.000224
2021-09-26 01:03:27,873 [INFO]  Epoch[6] Train-occupation-accuracy=1.000000
2021-09-26 01:03:27,873 [INFO]  Epoch[6] Time cost=24.377
2021-09-26 01:03:27,873 [INFO]  Saved checkpoint to "occupation\model-0006.params"
2021-09-26 01:03:29,404 [INFO]  Epoch[6] Validation-cross-entropy=0.000149
2021-09-26 01:03:29,404 [INFO]  Epoch[6] Validation-occupation-accuracy=1.000000
2021-09-26 01:03:41,480 [INFO]  Epoch[7] Batch [0-865]	Speed: 1147.63 samples/sec	cross-entropy=0.000122	occupation-accuracy=1.000000
2021-09-26 01:03:53,805 [INFO]  Epoch[7] Train-cross-entropy=0.000104
2021-09-26 01:03:53,805 [INFO]  Epoch[7] Train-occupation-accuracy=1.000000
2021-09-26 01:03:53,805 [INFO]  Epoch[7] Time cost=24.401
2021-09-26 01:03:53,820 [INFO]  Saved checkpoint to "occupation\model-0007.params"
2021-09-26 01:03:54,664 [INFO]  Epoch[7] Validation-cross-entropy=0.000071
2021-09-26 01:03:54,664 [INFO]  Epoch[7] Validation-occupation-accuracy=1.000000
2021-09-26 01:04:06,739 [INFO]  Epoch[8] Batch [0-865]	Speed: 1147.63 samples/sec	cross-entropy=0.000059	occupation-accuracy=1.000000
2021-09-26 01:04:18,811 [INFO]  Epoch[8] Train-cross-entropy=0.000051
2021-09-26 01:04:18,812 [INFO]  Epoch[8] Train-occupation-accuracy=1.000000
2021-09-26 01:04:18,812 [INFO]  Epoch[8] Time cost=24.148
2021-09-26 01:04:18,817 [INFO]  Saved checkpoint to "occupation\model-0008.params"
2021-09-26 01:04:19,980 [INFO]  Epoch[8] Validation-cross-entropy=0.000036
2021-09-26 01:04:19,980 [INFO]  Epoch[8] Validation-occupation-accuracy=1.000000
2021-09-26 01:04:31,800 [INFO]  Epoch[9] Batch [0-865]	Speed: 1172.96 samples/sec	cross-entropy=0.000030	occupation-accuracy=1.000000
2021-09-26 01:04:43,891 [INFO]  Epoch[9] Train-cross-entropy=0.000027
2021-09-26 01:04:43,891 [INFO]  Epoch[9] Train-occupation-accuracy=1.000000
2021-09-26 01:04:43,891 [INFO]  Epoch[9] Time cost=23.911
2021-09-26 01:04:43,891 [INFO]  Saved checkpoint to "occupation\model-0009.params"
2021-09-26 01:04:45,547 [INFO]  Epoch[9] Validation-cross-entropy=0.000019
2021-09-26 01:04:45,547 [INFO]  Epoch[9] Validation-occupation-accuracy=1.000000
2021-09-26 01:04:57,970 [INFO]  Epoch[10] Batch [0-865]	Speed: 1115.43 samples/sec	cross-entropy=0.000016	occupation-accuracy=1.000000
2021-09-26 01:05:10,343 [INFO]  Epoch[10] Train-cross-entropy=0.000015
2021-09-26 01:05:10,343 [INFO]  Epoch[10] Train-occupation-accuracy=1.000000
2021-09-26 01:05:10,343 [INFO]  Epoch[10] Time cost=24.797
2021-09-26 01:05:10,348 [INFO]  Saved checkpoint to "occupation\model-0010.params"
2021-09-26 01:05:11,207 [INFO]  Epoch[10] Validation-cross-entropy=0.000011
2021-09-26 01:05:11,207 [INFO]  Epoch[10] Validation-occupation-accuracy=1.000000
2021-09-26 01:05:24,178 [INFO]  Epoch[11] Batch [0-865]	Speed: 1067.87 samples/sec	cross-entropy=0.000010	occupation-accuracy=1.000000
2021-09-26 01:05:37,566 [INFO]  Epoch[11] Train-cross-entropy=0.000009
2021-09-26 01:05:37,566 [INFO]  Epoch[11] Train-occupation-accuracy=1.000000
2021-09-26 01:05:37,566 [INFO]  Epoch[11] Time cost=26.358
2021-09-26 01:05:37,566 [INFO]  Saved checkpoint to "occupation\model-0011.params"
2021-09-26 01:05:38,611 [INFO]  Epoch[11] Validation-cross-entropy=0.000007
2021-09-26 01:05:38,611 [INFO]  Epoch[11] Validation-occupation-accuracy=1.000000
2021-09-26 01:05:51,909 [INFO]  Epoch[12] Batch [0-865]	Speed: 1042.00 samples/sec	cross-entropy=0.000006	occupation-accuracy=1.000000
2021-09-26 01:06:05,233 [INFO]  Epoch[12] Train-cross-entropy=0.000006
2021-09-26 01:06:05,233 [INFO]  Epoch[12] Train-occupation-accuracy=1.000000
2021-09-26 01:06:05,233 [INFO]  Epoch[12] Time cost=26.622
2021-09-26 01:06:05,233 [INFO]  Saved checkpoint to "occupation\model-0012.params"
2021-09-26 01:06:06,253 [INFO]  Epoch[12] Validation-cross-entropy=0.000005
2021-09-26 01:06:06,253 [INFO]  Epoch[12] Validation-occupation-accuracy=1.000000
2021-09-26 01:06:19,703 [INFO]  Epoch[13] Batch [0-865]	Speed: 1030.20 samples/sec	cross-entropy=0.000005	occupation-accuracy=1.000000
2021-09-26 01:06:33,631 [INFO]  Epoch[13] Train-cross-entropy=0.000005
2021-09-26 01:06:33,631 [INFO]  Epoch[13] Train-occupation-accuracy=1.000000
2021-09-26 01:06:33,631 [INFO]  Epoch[13] Time cost=27.378
2021-09-26 01:06:33,631 [INFO]  Saved checkpoint to "occupation\model-0013.params"
2021-09-26 01:06:34,974 [INFO]  Epoch[13] Validation-cross-entropy=0.000004
2021-09-26 01:06:34,974 [INFO]  Epoch[13] Validation-occupation-accuracy=1.000000
2021-09-26 01:06:48,379 [INFO]  Epoch[14] Batch [0-865]	Speed: 1033.69 samples/sec	cross-entropy=0.000003	occupation-accuracy=1.000000
2021-09-26 01:07:01,288 [INFO]  Epoch[14] Train-cross-entropy=0.000003
2021-09-26 01:07:01,288 [INFO]  Epoch[14] Train-occupation-accuracy=1.000000
2021-09-26 01:07:01,288 [INFO]  Epoch[14] Time cost=26.314
2021-09-26 01:07:01,303 [INFO]  Saved checkpoint to "occupation\model-0014.params"
2021-09-26 01:07:02,522 [INFO]  Epoch[14] Validation-cross-entropy=0.000003
2021-09-26 01:07:02,522 [INFO]  Epoch[14] Validation-occupation-accuracy=1.000000
2021-09-26 01:07:02,522 [INFO]  
========== done (391.12678265571594 s) fit model
2021-09-26 19:55:40,142 [INFO]  CategoricalEncoder for column occupation                                found only 9 occurrences of value Armed-Forces
2021-09-26 19:55:55,124 [WARNING]  Test set does not contain any ocurrences of values [Armed-Forces] in column [occupation], consider using a more representative test set.
2021-09-26 19:55:55,131 [INFO]  
========== start: fit model
2021-09-26 19:55:55,131 [WARNING]  Already bound, ignoring bind()
2021-09-26 19:56:07,356 [INFO]  Epoch[0] Batch [0-865]	Speed: 1134.22 samples/sec	cross-entropy=0.746094	occupation-accuracy=0.869515
2021-09-26 19:56:21,447 [INFO]  Epoch[0] Train-cross-entropy=0.427603
2021-09-26 19:56:21,448 [INFO]  Epoch[0] Train-occupation-accuracy=0.933451
2021-09-26 19:56:21,448 [INFO]  Epoch[0] Time cost=26.315
2021-09-26 19:56:21,511 [INFO]  Saved checkpoint to "occupation\model-0000.params"
2021-09-26 19:56:22,726 [INFO]  Epoch[0] Validation-cross-entropy=0.053952
2021-09-26 19:56:22,727 [INFO]  Epoch[0] Validation-occupation-accuracy=1.000000
2021-09-26 19:56:38,144 [INFO]  Epoch[1] Batch [0-865]	Speed: 898.29 samples/sec	cross-entropy=0.036933	occupation-accuracy=0.999711
2021-09-26 19:56:51,970 [INFO]  Epoch[1] Train-cross-entropy=0.027855
2021-09-26 19:56:51,970 [INFO]  Epoch[1] Train-occupation-accuracy=0.999639
2021-09-26 19:56:51,970 [INFO]  Epoch[1] Time cost=29.243
2021-09-26 19:56:51,978 [INFO]  Saved checkpoint to "occupation\model-0001.params"
2021-09-26 19:56:53,214 [INFO]  Epoch[1] Validation-cross-entropy=0.012702
2021-09-26 19:56:53,214 [INFO]  Epoch[1] Validation-occupation-accuracy=1.000000
2021-09-26 19:57:05,931 [INFO]  Epoch[2] Batch [0-865]	Speed: 1089.17 samples/sec	cross-entropy=0.009801	occupation-accuracy=1.000000
2021-09-26 19:57:18,967 [INFO]  Epoch[2] Train-cross-entropy=0.007878
2021-09-26 19:57:18,968 [INFO]  Epoch[2] Train-occupation-accuracy=1.000000
2021-09-26 19:57:18,968 [INFO]  Epoch[2] Time cost=25.754
2021-09-26 19:57:18,976 [INFO]  Saved checkpoint to "occupation\model-0002.params"
2021-09-26 19:57:20,405 [INFO]  Epoch[2] Validation-cross-entropy=0.004452
2021-09-26 19:57:20,405 [INFO]  Epoch[2] Validation-occupation-accuracy=1.000000
2021-09-26 19:57:32,817 [INFO]  Epoch[3] Batch [0-865]	Speed: 1115.90 samples/sec	cross-entropy=0.003514	occupation-accuracy=1.000000
2021-09-26 19:57:45,328 [INFO]  Epoch[3] Train-cross-entropy=0.002884
2021-09-26 19:57:45,328 [INFO]  Epoch[3] Train-occupation-accuracy=1.000000
2021-09-26 19:57:45,328 [INFO]  Epoch[3] Time cost=24.924
2021-09-26 19:57:45,334 [INFO]  Saved checkpoint to "occupation\model-0003.params"
2021-09-26 19:57:46,830 [INFO]  Epoch[3] Validation-cross-entropy=0.001775
2021-09-26 19:57:46,830 [INFO]  Epoch[3] Validation-occupation-accuracy=1.000000
2021-09-26 19:57:59,685 [INFO]  Epoch[4] Batch [0-865]	Speed: 1078.65 samples/sec	cross-entropy=0.001420	occupation-accuracy=1.000000
2021-09-26 19:58:12,318 [INFO]  Epoch[4] Train-cross-entropy=0.001178
2021-09-26 19:58:12,318 [INFO]  Epoch[4] Train-occupation-accuracy=1.000000
2021-09-26 19:58:12,319 [INFO]  Epoch[4] Time cost=25.488
2021-09-26 19:58:12,327 [INFO]  Saved checkpoint to "occupation\model-0004.params"
2021-09-26 19:58:13,753 [INFO]  Epoch[4] Validation-cross-entropy=0.000751
2021-09-26 19:58:13,753 [INFO]  Epoch[4] Validation-occupation-accuracy=1.000000
2021-09-26 19:58:26,586 [INFO]  Epoch[5] Batch [0-865]	Speed: 1079.43 samples/sec	cross-entropy=0.000605	occupation-accuracy=1.000000
2021-09-26 19:58:39,919 [INFO]  Epoch[5] Train-cross-entropy=0.000505
2021-09-26 19:58:39,919 [INFO]  Epoch[5] Train-occupation-accuracy=1.000000
2021-09-26 19:58:39,919 [INFO]  Epoch[5] Time cost=26.166
2021-09-26 19:58:39,928 [INFO]  Saved checkpoint to "occupation\model-0005.params"
2021-09-26 19:58:41,401 [INFO]  Epoch[5] Validation-cross-entropy=0.000330
2021-09-26 19:58:41,401 [INFO]  Epoch[5] Validation-occupation-accuracy=1.000000
2021-09-26 19:58:55,171 [INFO]  Epoch[6] Batch [0-865]	Speed: 1006.15 samples/sec	cross-entropy=0.000267	occupation-accuracy=1.000000
2021-09-26 19:59:09,806 [INFO]  Epoch[6] Train-cross-entropy=0.000227
2021-09-26 19:59:09,807 [INFO]  Epoch[6] Train-occupation-accuracy=1.000000
2021-09-26 19:59:09,807 [INFO]  Epoch[6] Time cost=28.405
2021-09-26 19:59:09,814 [INFO]  Saved checkpoint to "occupation\model-0006.params"
2021-09-26 19:59:10,883 [INFO]  Epoch[6] Validation-cross-entropy=0.000150
2021-09-26 19:59:10,883 [INFO]  Epoch[6] Validation-occupation-accuracy=1.000000
2021-09-26 19:59:23,833 [INFO]  Epoch[7] Batch [0-865]	Speed: 1069.67 samples/sec	cross-entropy=0.000123	occupation-accuracy=1.000000
2021-09-26 19:59:37,369 [INFO]  Epoch[7] Train-cross-entropy=0.000105
2021-09-26 19:59:37,369 [INFO]  Epoch[7] Train-occupation-accuracy=1.000000
2021-09-26 19:59:37,369 [INFO]  Epoch[7] Time cost=26.487
2021-09-26 19:59:37,375 [INFO]  Saved checkpoint to "occupation\model-0007.params"
2021-09-26 19:59:38,227 [INFO]  Epoch[7] Validation-cross-entropy=0.000071
2021-09-26 19:59:38,227 [INFO]  Epoch[7] Validation-occupation-accuracy=1.000000
2021-09-26 19:59:50,905 [INFO]  Epoch[8] Batch [0-865]	Speed: 1092.50 samples/sec	cross-entropy=0.000059	occupation-accuracy=1.000000
2021-09-26 20:00:03,641 [INFO]  Epoch[8] Train-cross-entropy=0.000051
2021-09-26 20:00:03,642 [INFO]  Epoch[8] Train-occupation-accuracy=1.000000
2021-09-26 20:00:03,642 [INFO]  Epoch[8] Time cost=25.414
2021-09-26 20:00:03,651 [INFO]  Saved checkpoint to "occupation\model-0008.params"
2021-09-26 20:00:05,137 [INFO]  Epoch[8] Validation-cross-entropy=0.000036
2021-09-26 20:00:05,137 [INFO]  Epoch[8] Validation-occupation-accuracy=1.000000
2021-09-26 20:00:17,831 [INFO]  Epoch[9] Batch [0-865]	Speed: 1091.25 samples/sec	cross-entropy=0.000030	occupation-accuracy=1.000000
2021-09-26 20:00:30,825 [INFO]  Epoch[9] Train-cross-entropy=0.000027
2021-09-26 20:00:30,826 [INFO]  Epoch[9] Train-occupation-accuracy=1.000000
2021-09-26 20:00:30,826 [INFO]  Epoch[9] Time cost=25.689
2021-09-26 20:00:30,834 [INFO]  Saved checkpoint to "occupation\model-0009.params"
2021-09-26 20:00:32,449 [INFO]  Epoch[9] Validation-cross-entropy=0.000019
2021-09-26 20:00:32,449 [INFO]  Epoch[9] Validation-occupation-accuracy=1.000000
2021-09-26 20:00:45,381 [INFO]  Epoch[10] Batch [0-865]	Speed: 1071.03 samples/sec	cross-entropy=0.000017	occupation-accuracy=1.000000
2021-09-26 20:00:58,466 [INFO]  Epoch[10] Train-cross-entropy=0.000015
2021-09-26 20:00:58,466 [INFO]  Epoch[10] Train-occupation-accuracy=1.000000
2021-09-26 20:00:58,466 [INFO]  Epoch[10] Time cost=26.017
2021-09-26 20:00:58,472 [INFO]  Saved checkpoint to "occupation\model-0010.params"
2021-09-26 20:00:59,449 [INFO]  Epoch[10] Validation-cross-entropy=0.000011
2021-09-26 20:00:59,449 [INFO]  Epoch[10] Validation-occupation-accuracy=1.000000
2021-09-26 20:01:13,752 [INFO]  Epoch[11] Batch [0-865]	Speed: 968.45 samples/sec	cross-entropy=0.000010	occupation-accuracy=1.000000
2021-09-26 20:01:27,062 [INFO]  Epoch[11] Train-cross-entropy=0.000009
2021-09-26 20:01:27,062 [INFO]  Epoch[11] Train-occupation-accuracy=1.000000
2021-09-26 20:01:27,062 [INFO]  Epoch[11] Time cost=27.612
2021-09-26 20:01:27,068 [INFO]  Saved checkpoint to "occupation\model-0011.params"
2021-09-26 20:01:28,733 [INFO]  Epoch[11] Validation-cross-entropy=0.000007
2021-09-26 20:01:28,733 [INFO]  Epoch[11] Validation-occupation-accuracy=1.000000
2021-09-26 20:01:42,008 [INFO]  Epoch[12] Batch [0-865]	Speed: 1044.25 samples/sec	cross-entropy=0.000007	occupation-accuracy=1.000000
2021-09-26 20:01:55,050 [INFO]  Epoch[12] Train-cross-entropy=0.000006
2021-09-26 20:01:55,051 [INFO]  Epoch[12] Train-occupation-accuracy=1.000000
2021-09-26 20:01:55,051 [INFO]  Epoch[12] Time cost=26.318
2021-09-26 20:01:55,059 [INFO]  Saved checkpoint to "occupation\model-0012.params"
2021-09-26 20:01:56,641 [INFO]  Epoch[12] Validation-cross-entropy=0.000005
2021-09-26 20:01:56,641 [INFO]  Epoch[12] Validation-occupation-accuracy=1.000000
2021-09-26 20:02:09,476 [INFO]  Epoch[13] Batch [0-865]	Speed: 1079.31 samples/sec	cross-entropy=0.000005	occupation-accuracy=1.000000
2021-09-26 20:02:22,508 [INFO]  Epoch[13] Train-cross-entropy=0.000004
2021-09-26 20:02:22,508 [INFO]  Epoch[13] Train-occupation-accuracy=1.000000
2021-09-26 20:02:22,508 [INFO]  Epoch[13] Time cost=25.867
2021-09-26 20:02:22,515 [INFO]  Saved checkpoint to "occupation\model-0013.params"
2021-09-26 20:02:24,040 [INFO]  Epoch[13] Validation-cross-entropy=0.000004
2021-09-26 20:02:24,040 [INFO]  Epoch[13] Validation-occupation-accuracy=1.000000
2021-09-26 20:02:36,909 [INFO]  Epoch[14] Batch [0-865]	Speed: 1076.41 samples/sec	cross-entropy=0.000003	occupation-accuracy=1.000000
2021-09-26 20:02:49,715 [INFO]  Epoch[14] Train-cross-entropy=0.000003
2021-09-26 20:02:49,715 [INFO]  Epoch[14] Train-occupation-accuracy=1.000000
2021-09-26 20:02:49,716 [INFO]  Epoch[14] Time cost=25.676
2021-09-26 20:02:49,721 [INFO]  Saved checkpoint to "occupation\model-0014.params"
2021-09-26 20:02:51,468 [INFO]  Epoch[14] Validation-cross-entropy=0.000003
2021-09-26 20:02:51,468 [INFO]  Epoch[14] Validation-occupation-accuracy=1.000000
2021-09-26 20:02:51,468 [INFO]  
========== done (416.3363621234894 s) fit model
